[2025-09-16T16:35:12.347+0000] {taskinstance.py:1157} INFO - Dependencies all met for dep_context=non-requeueable deps ti=<TaskInstance: crypto_pipeline_postgres_debug.transform manual__2025-09-16T16:35:07+00:00 [queued]>
[2025-09-16T16:35:12.352+0000] {taskinstance.py:1157} INFO - Dependencies all met for dep_context=requeueable deps ti=<TaskInstance: crypto_pipeline_postgres_debug.transform manual__2025-09-16T16:35:07+00:00 [queued]>
[2025-09-16T16:35:12.352+0000] {taskinstance.py:1359} INFO - Starting attempt 1 of 2
[2025-09-16T16:35:12.360+0000] {taskinstance.py:1380} INFO - Executing <Task(PythonOperator): transform> on 2025-09-16 16:35:07+00:00
[2025-09-16T16:35:12.364+0000] {standard_task_runner.py:57} INFO - Started process 98 to run task
[2025-09-16T16:35:12.367+0000] {standard_task_runner.py:84} INFO - Running: ['***', 'tasks', 'run', 'crypto_pipeline_postgres_debug', 'transform', 'manual__2025-09-16T16:35:07+00:00', '--job-id', '5', '--raw', '--subdir', 'DAGS_FOLDER/coleta_dados.py', '--cfg-path', '/tmp/tmpz9e4j9b3']
[2025-09-16T16:35:12.368+0000] {standard_task_runner.py:85} INFO - Job 5: Subtask transform
[2025-09-16T16:35:12.396+0000] {task_command.py:415} INFO - Running <TaskInstance: crypto_pipeline_postgres_debug.transform manual__2025-09-16T16:35:07+00:00 [running]> on host ea08ecfca1c4
[2025-09-16T16:35:12.439+0000] {taskinstance.py:1660} INFO - Exporting env vars: AIRFLOW_CTX_DAG_OWNER='***' AIRFLOW_CTX_DAG_ID='crypto_pipeline_postgres_debug' AIRFLOW_CTX_TASK_ID='transform' AIRFLOW_CTX_EXECUTION_DATE='2025-09-16T16:35:07+00:00' AIRFLOW_CTX_TRY_NUMBER='1' AIRFLOW_CTX_DAG_RUN_ID='manual__2025-09-16T16:35:07+00:00'
[2025-09-16T16:35:12.440+0000] {logging_mixin.py:151} INFO - === TRANSFORMAÇÃO ===
[2025-09-16T16:35:12.447+0000] {logging_mixin.py:151} INFO - Dados antes da transformação:
[2025-09-16T16:35:12.467+0000] {logging_mixin.py:151} INFO -          id  ...              last_updated
0   bitcoin  ...  2025-09-16T16:35:00.905Z
1  ethereum  ...  2025-09-16T16:35:00.941Z
2   cardano  ...  2025-09-16T16:34:54.639Z

[3 rows x 26 columns]
[2025-09-16T16:35:12.472+0000] {logging_mixin.py:151} INFO - Dados transformados:
[2025-09-16T16:35:12.480+0000] {logging_mixin.py:151} INFO -          id symbol  ... is_profitable               last_updated
0   bitcoin    btc  ...         False 2025-09-16 16:35:12.469783
1  ethereum    eth  ...         False 2025-09-16 16:35:12.469783
2   cardano    ada  ...         False 2025-09-16 16:35:12.469783

[3 rows x 12 columns]
[2025-09-16T16:35:12.486+0000] {xcom.py:661} ERROR - Object of type Timestamp is not JSON serializable. If you are using pickle instead of JSON for XCom, then you need to enable pickle support for XCom in your *** config or make sure to decorate your object with attr.
[2025-09-16T16:35:12.486+0000] {taskinstance.py:1935} ERROR - Task failed with exception
Traceback (most recent call last):
  File "/home/airflow/.local/lib/python3.8/site-packages/airflow/utils/json.py", line 91, in default
    return serialize(o)
  File "/home/airflow/.local/lib/python3.8/site-packages/airflow/serialization/serde.py", line 178, in serialize
    raise TypeError(f"cannot serialize object of type {cls}")
TypeError: cannot serialize object of type <class 'pandas._libs.tslibs.timestamps.Timestamp'>

During handling of the above exception, another exception occurred:

Traceback (most recent call last):
  File "/home/airflow/.local/lib/python3.8/site-packages/airflow/operators/python.py", line 192, in execute
    return_value = self.execute_callable()
  File "/home/airflow/.local/lib/python3.8/site-packages/airflow/operators/python.py", line 209, in execute_callable
    return self.python_callable(*self.op_args, **self.op_kwargs)
  File "/opt/airflow/dags/coleta_dados.py", line 68, in transformar_dados
    ti.xcom_push(key='transformed_df', value=df.to_dict(orient='records'))
  File "/home/airflow/.local/lib/python3.8/site-packages/airflow/utils/session.py", line 77, in wrapper
    return func(*args, session=session, **kwargs)
  File "/home/airflow/.local/lib/python3.8/site-packages/airflow/models/taskinstance.py", line 2477, in xcom_push
    XCom.set(
  File "/home/airflow/.local/lib/python3.8/site-packages/airflow/utils/session.py", line 74, in wrapper
    return func(*args, **kwargs)
  File "/home/airflow/.local/lib/python3.8/site-packages/airflow/models/xcom.py", line 244, in set
    value = cls.serialize_value(
  File "/home/airflow/.local/lib/python3.8/site-packages/airflow/models/xcom.py", line 659, in serialize_value
    return json.dumps(value, cls=XComEncoder).encode("UTF-8")
  File "/usr/local/lib/python3.8/json/__init__.py", line 234, in dumps
    return cls(
  File "/home/airflow/.local/lib/python3.8/site-packages/airflow/utils/json.py", line 104, in encode
    return super().encode(o)
  File "/usr/local/lib/python3.8/json/encoder.py", line 199, in encode
    chunks = self.iterencode(o, _one_shot=True)
  File "/usr/local/lib/python3.8/json/encoder.py", line 257, in iterencode
    return _iterencode(o, 0)
  File "/home/airflow/.local/lib/python3.8/site-packages/airflow/utils/json.py", line 93, in default
    return super().default(o)
  File "/usr/local/lib/python3.8/json/encoder.py", line 179, in default
    raise TypeError(f'Object of type {o.__class__.__name__} '
TypeError: Object of type Timestamp is not JSON serializable
[2025-09-16T16:35:12.493+0000] {taskinstance.py:1398} INFO - Marking task as UP_FOR_RETRY. dag_id=crypto_pipeline_postgres_debug, task_id=transform, execution_date=20250916T163507, start_date=20250916T163512, end_date=20250916T163512
[2025-09-16T16:35:12.499+0000] {standard_task_runner.py:104} ERROR - Failed to execute job 5 for task transform (Object of type Timestamp is not JSON serializable; 98)
[2025-09-16T16:35:12.538+0000] {local_task_job_runner.py:228} INFO - Task exited with return code 1
[2025-09-16T16:35:12.554+0000] {taskinstance.py:2776} INFO - 0 downstream tasks scheduled from follow-on schedule check
